Android/PolytechVideoProcessing/polytechVideoProcessing/build/outputs/logs/manifest-merger-debug-report.txt
-- Merging decision tree log ---
manifest
ADDED from src/main/AndroidManifest.xml:2:1-35:12
INJECTED from src/main/AndroidManifest.xml:2:1-35:12
INJECTED from src/main/AndroidManifest.xml:2:1-35:12
INJECTED from src/main/AndroidManifest.xml:2:1-35:12
MERGED from [:openCVLibrary343] AndroidManifest.xml:2:1-11:12
INJECTED from src/main/AndroidManifest.xml:2:1-35:12
INJECTED from src/main/AndroidManifest.xml:2:1-35:12
INJECTED from src/main/AndroidManifest.xml:2:1-35:12
	package
		ADDED from src/main/AndroidManifest.xml:3:11-38
		INJECTED from src/main/AndroidManifest.xml
		INJECTED from src/main/AndroidManifest.xml
	android:versionName
		ADDED from src/main/AndroidManifest.xml:5:11-37
		INJECTED from src/main/AndroidManifest.xml
		INJECTED from src/main/AndroidManifest.xml
	xmlns:android
		ADDED from src/main/AndroidManifest.xml:2:11-69
	android:versionCode
		ADDED from src/main/AndroidManifest.xml:4:11-36
		INJECTED from src/main/AndroidManifest.xml
		INJECTED from src/main/AndroidManifest.xml
application
ADDED from src/main/AndroidManifest.xml:7:5-18:19
	android:label
		ADDED from src/main/AndroidManifest.xml:8:9-41
	android:icon
		ADDED from src/main/AndroidManifest.xml:9:9-38
	android:theme
		ADDED from src/main/AndroidManifest.xml:10:9-67
activity#fr.polytech.video.VideoActivity
ADDED from src/main/AndroidManifest.xml:11:9-17:20
	android:name
		ADDED from src/main/AndroidManifest.xml:11:19-47
intent-filter#action:name:android.intent.action.MAIN+category:name:android.intent.category.LAUNCHER
ADDED from src/main/AndroidManifest.xml:12:13-16:29
action#android.intent.action.MAIN
ADDED from src/main/AndroidManifest.xml:13:17-69
	android:name
		ADDED from src/main/AndroidManifest.xml:13:25-66
category#android.intent.category.LAUNCHER
ADDED from src/main/AndroidManifest.xml:15:17-77
	android:name
		ADDED from src/main/AndroidManifest.xml:15:27-74
supports-screens
ADDED from src/main/AndroidManifest.xml:20:5-24:51
	android:largeScreens
		ADDED from src/main/AndroidManifest.xml:23:23-50
	android:smallScreens
		ADDED from src/main/AndroidManifest.xml:21:23-50
	android:normalScreens
		ADDED from src/main/AndroidManifest.xml:22:23-51
	android:resizeable
		ADDED from src/main/AndroidManifest.xml:20:23-48
	android:anyDensity
		ADDED from src/main/AndroidManifest.xml:24:23-48
uses-sdk
ADDED from src/main/AndroidManifest.xml:26:5-43
INJECTED from src/main/AndroidManifest.xml:26:5-43
INJECTED from src/main/AndroidManifest.xml:26:5-43
MERGED from [:openCVLibrary343] AndroidManifest.xml:7:5-9:41
MERGED from [:openCVLibrary343] AndroidManifest.xml:7:5-9:41
INJECTED from src/main/AndroidManifest.xml:26:5-43
INJECTED from src/main/AndroidManifest.xml:26:5-43
	android:targetSdkVersion
		INJECTED from src/main/AndroidManifest.xml
		ADDED from src/main/AndroidManifest.xml:26:5-43
		INJECTED from src/main/AndroidManifest.xml
	android:minSdkVersion
		ADDED from src/main/AndroidManifest.xml:26:15-40
		INJECTED from src/main/AndroidManifest.xml
		INJECTED from src/main/AndroidManifest.xml
uses-permission#android.permission.CAMERA
ADDED from src/main/AndroidManifest.xml:28:5-64
	android:name
		ADDED from src/main/AndroidManifest.xml:28:22-62
uses-feature#android.hardware.camera
ADDED from src/main/AndroidManifest.xml:30:5-84
	android:required
		ADDED from src/main/AndroidManifest.xml:30:58-82
	android:name
		ADDED from src/main/AndroidManifest.xml:30:19-57
uses-feature#android.hardware.camera.autofocus
ADDED from src/main/AndroidManifest.xml:31:5-94
	android:required
		ADDED from src/main/AndroidManifest.xml:31:68-92
	android:name
		ADDED from src/main/AndroidManifest.xml:31:19-67
uses-feature#android.hardware.camera.front
ADDED from src/main/AndroidManifest.xml:32:5-90
	android:required
		ADDED from src/main/AndroidManifest.xml:32:64-88
	android:name
		ADDED from src/main/AndroidManifest.xml:32:19-63
uses-feature#android.hardware.camera.front.autofocus
ADDED from src/main/AndroidManifest.xml:33:5-100
	android:required
		ADDED from src/main/AndroidManifest.xml:33:74-98
	android:name
		ADDED from src/main/AndroidManifest.xml:33:19-73